<?xml version="1.0" encoding="UTF-8"?>
<testsuite name="searchengine.FileReaderTest" tests="2" skipped="0" failures="0" errors="0" timestamp="2021-04-01T13:49:52" hostname="LAPTOP-C32C7KEK" time="0.152">
  <properties/>
  <testcase name="readFile_EqualWebsite1()" classname="searchengine.FileReaderTest" time="0.147"/>
  <testcase name="readFile_fileError1()" classname="searchengine.FileReaderTest" time="0.003"/>
  <system-out><![CDATA[]]></system-out>
  <system-err><![CDATA[]]></system-err>
</testsuite>
