<?xml version="1.0" encoding="UTF-8"?>
<testsuite name="searchengine.PagesTest" tests="4" skipped="0" failures="0" errors="0" timestamp="2021-04-01T13:49:52" hostname="LAPTOP-C32C7KEK" time="0.037">
  <properties/>
  <testcase name="populateIndex_testfileSize()" classname="searchengine.PagesTest" time="0.006"/>
  <testcase name="populateIndex_testfileErrorSize()" classname="searchengine.PagesTest" time="0.007"/>
  <testcase name="search_singleWord()" classname="searchengine.PagesTest" time="0.015"/>
  <testcase name="search()" classname="searchengine.PagesTest" time="0.004"/>
  <system-out><![CDATA[]]></system-out>
  <system-err><![CDATA[]]></system-err>
</testsuite>
