<?xml version="1.0" encoding="UTF-8"?>
<testsuite name="searchengine.QueryHandlerTest" tests="6" skipped="0" failures="0" errors="0" timestamp="2021-04-01T13:49:52" hostname="LAPTOP-C32C7KEK" time="0.022">
  <properties/>
  <testcase name="rankingAlgorithm_order()" classname="searchengine.QueryHandlerTest" time="0.003"/>
  <testcase name="getMatchingWebpages_orWord()" classname="searchengine.QueryHandlerTest" time="0.002"/>
  <testcase name="getMatchingWebpages_singleWord()" classname="searchengine.QueryHandlerTest" time="0.002"/>
  <testcase name="getMatchingWebpages_andWord()" classname="searchengine.QueryHandlerTest" time="0.002"/>
  <testcase name="idfRankingAlgorithm_score()" classname="searchengine.QueryHandlerTest" time="0.002"/>
  <testcase name="tfIdf_order()" classname="searchengine.QueryHandlerTest" time="0.002"/>
  <system-out><![CDATA[]]></system-out>
  <system-err><![CDATA[]]></system-err>
</testsuite>
